{"date":"2019-06-01 19:47:46,676", "level":"INFO", "event":"server_state", "value":"online", "port":10594 }
{"date":"2019-06-01 19:47:46,676", "level":"INFO", "event":"server_state", "value":"started", "token":"" }
{"date":"2019-06-01 19:48:06,655", "level":"INFO", "event":"connected", "connection_id":1 }
{"date":"2019-06-01 19:48:06,676", "level":"INFO", "event":"hello_received", "client_protocol":3574881509, "server_protocol":3574881509 }
{"date":"2019-06-01 19:48:06,806", "level":"INFO", "event":"hello", "connection_id":1, "name":"Jon Snow" }
{"date":"2019-06-01 19:48:08,498", "level":"INFO", "event":"create_custom_npc", "connection_id":1, "player_name":"Jon Snow", "cell_name":"Skyrim" }
{"date":"2019-06-01 19:48:08,498", "level":"DEBUG", "event":"add_container", "server_id":1, "is_actor":1 }
{"date":"2019-06-01 19:48:08,498", "level":"INFO", "event":"create_common_npc", "name":"Worshipper", "ref_id":620536, "form_id":375053, "server_id":2, "host_connection_id":1, "health":50 }
{"date":"2019-06-01 19:48:08,498", "level":"DEBUG", "event":"add_container", "server_id":2, "is_actor":1 }
{"date":"2019-06-01 19:48:08,498", "level":"INFO", "event":"create_spawned_npc", "connection_id":1, "npc_name":"Elk", "cell_name":"Skyrim" }
{"date":"2019-06-01 19:48:08,498", "level":"DEBUG", "event":"add_container", "server_id":3, "is_actor":1 }
{"date":"2019-06-01 19:48:08,498", "level":"INFO", "event":"create_spawned_npc", "connection_id":1, "npc_name":"Elk", "cell_name":"Skyrim" }
{"date":"2019-06-01 19:48:08,498", "level":"DEBUG", "event":"add_container", "server_id":4, "is_actor":1 }
{"date":"2019-06-01 19:48:08,498", "level":"INFO", "event":"create_common_npc", "name":"Wolf", "ref_id":410566, "form_id":146110, "server_id":5, "host_connection_id":1, "health":22 }
{"date":"2019-06-01 19:48:08,498", "level":"DEBUG", "event":"add_container", "server_id":5, "is_actor":1 }
{"date":"2019-06-01 19:48:08,498", "level":"INFO", "event":"create_common_npc", "name":"Worshipper", "ref_id":620539, "form_id":375047, "server_id":6, "host_connection_id":1, "health":50 }
{"date":"2019-06-01 19:48:08,498", "level":"DEBUG", "event":"add_container", "server_id":6, "is_actor":1 }
{"date":"2019-06-01 19:48:08,498", "level":"INFO", "event":"create_unique_npc", "name":"Rayya", "ref_id":50352662, "form_id":50352661, "server_id":7, "host_connection_id":1, "health":403 }
{"date":"2019-06-01 19:48:08,498", "level":"DEBUG", "event":"add_container", "server_id":7, "is_actor":1 }
{"date":"2019-06-01 19:48:08,498", "level":"INFO", "event":"create_spawned_npc", "connection_id":1, "npc_name":"Mudcrab", "cell_name":"Skyrim" }
{"date":"2019-06-01 19:48:08,498", "level":"DEBUG", "event":"add_container", "server_id":8, "is_actor":1 }
{"date":"2019-06-01 19:48:08,498", "level":"INFO", "event":"create_common_npc", "name":"Wolf", "ref_id":410565, "form_id":146110, "server_id":9, "host_connection_id":1, "health":22 }
{"date":"2019-06-01 19:48:08,498", "level":"DEBUG", "event":"add_container", "server_id":9, "is_actor":1 }
{"date":"2019-06-01 19:48:08,498", "level":"INFO", "event":"create_spawned_npc", "connection_id":1, "npc_name":"Elk", "cell_name":"Skyrim" }
{"date":"2019-06-01 19:48:08,498", "level":"DEBUG", "event":"add_container", "server_id":10, "is_actor":1 }
{"date":"2019-06-01 19:48:08,498", "level":"INFO", "event":"create_common_npc", "name":"Wolf", "ref_id":410567, "form_id":146110, "server_id":11, "host_connection_id":1, "health":22 }
{"date":"2019-06-01 19:48:08,498", "level":"DEBUG", "event":"add_container", "server_id":11, "is_actor":1 }
{"date":"2019-06-01 19:48:08,498", "level":"INFO", "event":"create_spawned_npc", "connection_id":1, "npc_name":"Elk", "cell_name":"Skyrim" }
{"date":"2019-06-01 19:48:08,498", "level":"DEBUG", "event":"add_container", "server_id":12, "is_actor":1 }
{"date":"2019-06-01 19:48:08,498", "level":"INFO", "event":"create_common_npc", "name":"Horse", "ref_id":845423, "form_id":1089086, "server_id":13, "host_connection_id":1, "health":289 }
{"date":"2019-06-01 19:48:08,498", "level":"DEBUG", "event":"add_container", "server_id":13, "is_actor":1 }
{"date":"2019-06-01 19:48:08,498", "level":"INFO", "event":"create_spawned_npc", "connection_id":1, "npc_name":"Wolf", "cell_name":"Skyrim" }
{"date":"2019-06-01 19:48:08,498", "level":"DEBUG", "event":"add_container", "server_id":14, "is_actor":1 }
{"date":"2019-06-01 19:48:08,498", "level":"INFO", "event":"create_spawned_npc", "connection_id":1, "npc_name":"Cave Bear", "cell_name":"Skyrim" }
{"date":"2019-06-01 19:48:08,498", "level":"DEBUG", "event":"add_container", "server_id":15, "is_actor":1 }
{"date":"2019-06-01 19:48:08,498", "level":"INFO", "event":"create_spawned_npc", "connection_id":1, "npc_name":"Novice Conjurer", "cell_name":"Skyrim" }
{"date":"2019-06-01 19:48:08,498", "level":"DEBUG", "event":"add_container", "server_id":16, "is_actor":1 }
{"date":"2019-06-01 19:48:08,499", "level":"INFO", "event":"create_common_npc", "name":"Thalmor Soldier", "ref_id":620540, "form_id":620714, "server_id":17, "host_connection_id":1, "health":127 }
{"date":"2019-06-01 19:48:08,499", "level":"DEBUG", "event":"add_container", "server_id":17, "is_actor":1 }
{"date":"2019-06-01 19:48:08,499", "level":"INFO", "event":"create_common_npc", "name":"Worshipper", "ref_id":620537, "form_id":375095, "server_id":18, "host_connection_id":1, "health":50 }
{"date":"2019-06-01 19:48:08,499", "level":"DEBUG", "event":"add_container", "server_id":18, "is_actor":1 }
{"date":"2019-06-01 19:48:08,499", "level":"INFO", "event":"create_spawned_npc", "connection_id":1, "npc_name":"Wolf", "cell_name":"Skyrim" }
{"date":"2019-06-01 19:48:08,499", "level":"DEBUG", "event":"add_container", "server_id":19, "is_actor":1 }
{"date":"2019-06-01 19:48:08,499", "level":"INFO", "event":"create_common_npc", "name":"Worshipper", "ref_id":620538, "form_id":375047, "server_id":20, "host_connection_id":1, "health":50 }
{"date":"2019-06-01 19:48:08,527", "level":"DEBUG", "event":"add_container", "server_id":20, "is_actor":1 }
{"date":"2019-06-01 19:48:11,746", "level":"DEBUG", "event":"remove_npc", "server_id":2, "name":"Worshipper" }
{"date":"2019-06-01 19:48:11,746", "level":"DEBUG", "event":"remove_npc", "server_id":3, "name":"Elk" }
{"date":"2019-06-01 19:48:11,746", "level":"DEBUG", "event":"remove_npc", "server_id":4, "name":"Elk" }
{"date":"2019-06-01 19:48:11,746", "level":"DEBUG", "event":"remove_npc", "server_id":5, "name":"Wolf" }
{"date":"2019-06-01 19:48:11,746", "level":"DEBUG", "event":"remove_npc", "server_id":6, "name":"Worshipper" }
{"date":"2019-06-01 19:48:11,746", "level":"DEBUG", "event":"remove_npc", "server_id":7, "name":"Rayya" }
{"date":"2019-06-01 19:48:11,746", "level":"DEBUG", "event":"remove_npc", "server_id":8, "name":"Mudcrab" }
{"date":"2019-06-01 19:48:11,746", "level":"DEBUG", "event":"remove_npc", "server_id":9, "name":"Wolf" }
{"date":"2019-06-01 19:48:11,746", "level":"DEBUG", "event":"remove_npc", "server_id":10, "name":"Elk" }
{"date":"2019-06-01 19:48:11,746", "level":"DEBUG", "event":"remove_npc", "server_id":11, "name":"Wolf" }
{"date":"2019-06-01 19:48:11,746", "level":"DEBUG", "event":"remove_npc", "server_id":12, "name":"Elk" }
{"date":"2019-06-01 19:48:11,746", "level":"DEBUG", "event":"remove_npc", "server_id":13, "name":"Horse" }
{"date":"2019-06-01 19:48:11,746", "level":"DEBUG", "event":"remove_npc", "server_id":14, "name":"Wolf" }
{"date":"2019-06-01 19:48:11,746", "level":"DEBUG", "event":"remove_npc", "server_id":15, "name":"Cave Bear" }
{"date":"2019-06-01 19:48:11,746", "level":"DEBUG", "event":"remove_npc", "server_id":16, "name":"Novice Conjurer" }
{"date":"2019-06-01 19:48:11,746", "level":"DEBUG", "event":"remove_npc", "server_id":17, "name":"Thalmor Soldier" }
{"date":"2019-06-01 19:48:11,746", "level":"DEBUG", "event":"remove_npc", "server_id":18, "name":"Worshipper" }
{"date":"2019-06-01 19:48:11,746", "level":"DEBUG", "event":"remove_npc", "server_id":19, "name":"Wolf" }
{"date":"2019-06-01 19:48:11,746", "level":"DEBUG", "event":"remove_npc", "server_id":20, "name":"Worshipper" }
{"date":"2019-06-01 19:48:11,746", "level":"INFO", "event":"npc_changed_cell", "server_id":1, "cell_name":"Lakeview Manor" }
{"date":"2019-06-01 19:48:11,748", "level":"INFO", "event":"weather_receive", "form_id":2074, "connection_id":1 }
{"date":"2019-06-01 19:48:11,749", "level":"INFO", "event":"register_player_weather", "form_id":2074, "connection_id":1 }
{"date":"2019-06-01 19:48:29,288", "level":"INFO", "event":"weather_receive", "form_id":1090116, "connection_id":1 }
{"date":"2019-06-01 19:48:29,288", "level":"INFO", "event":"register_player_weather", "form_id":1090116, "connection_id":1 }
{"date":"2019-06-01 19:48:32,662", "level":"INFO", "event":"npc_changed_cell", "server_id":1, "cell_name":"Skyrim" }
{"date":"2019-06-01 19:48:32,665", "level":"INFO", "event":"weather_receive", "form_id":1090116, "connection_id":1 }
{"date":"2019-06-01 19:48:32,665", "level":"INFO", "event":"register_player_weather", "form_id":1090116, "connection_id":1 }
{"date":"2019-06-01 19:48:34,237", "level":"INFO", "event":"create_common_npc", "name":"Worshipper", "ref_id":620536, "form_id":375053, "server_id":21, "host_connection_id":1, "health":50 }
{"date":"2019-06-01 19:48:34,237", "level":"DEBUG", "event":"add_container", "server_id":21, "is_actor":1 }
{"date":"2019-06-01 19:48:34,237", "level":"INFO", "event":"create_spawned_npc", "connection_id":1, "npc_name":"Elk", "cell_name":"Skyrim" }
{"date":"2019-06-01 19:48:34,237", "level":"DEBUG", "event":"add_container", "server_id":22, "is_actor":1 }
{"date":"2019-06-01 19:48:34,237", "level":"INFO", "event":"create_spawned_npc", "connection_id":1, "npc_name":"Elk", "cell_name":"Skyrim" }
{"date":"2019-06-01 19:48:34,237", "level":"DEBUG", "event":"add_container", "server_id":23, "is_actor":1 }
{"date":"2019-06-01 19:48:34,237", "level":"INFO", "event":"create_common_npc", "name":"Wolf", "ref_id":410566, "form_id":146110, "server_id":24, "host_connection_id":1, "health":22 }
{"date":"2019-06-01 19:48:34,237", "level":"DEBUG", "event":"add_container", "server_id":24, "is_actor":1 }
{"date":"2019-06-01 19:48:34,237", "level":"INFO", "event":"create_common_npc", "name":"Worshipper", "ref_id":620539, "form_id":375047, "server_id":25, "host_connection_id":1, "health":50 }
{"date":"2019-06-01 19:48:34,237", "level":"DEBUG", "event":"add_container", "server_id":25, "is_actor":1 }
{"date":"2019-06-01 19:48:34,238", "level":"INFO", "event":"create_unique_npc", "name":"Rayya", "ref_id":50352662, "form_id":50352661, "server_id":26, "host_connection_id":1, "health":403 }
{"date":"2019-06-01 19:48:34,238", "level":"DEBUG", "event":"add_container", "server_id":26, "is_actor":1 }
{"date":"2019-06-01 19:48:34,238", "level":"INFO", "event":"create_spawned_npc", "connection_id":1, "npc_name":"Mudcrab", "cell_name":"Skyrim" }
{"date":"2019-06-01 19:48:34,238", "level":"DEBUG", "event":"add_container", "server_id":27, "is_actor":1 }
{"date":"2019-06-01 19:48:34,238", "level":"INFO", "event":"create_common_npc", "name":"Wolf", "ref_id":410565, "form_id":146110, "server_id":28, "host_connection_id":1, "health":22 }
{"date":"2019-06-01 19:48:34,238", "level":"DEBUG", "event":"add_container", "server_id":28, "is_actor":1 }
{"date":"2019-06-01 19:48:34,238", "level":"INFO", "event":"create_common_npc", "name":"Wolf", "ref_id":410567, "form_id":146110, "server_id":29, "host_connection_id":1, "health":22 }
{"date":"2019-06-01 19:48:34,238", "level":"DEBUG", "event":"add_container", "server_id":29, "is_actor":1 }
{"date":"2019-06-01 19:48:34,238", "level":"INFO", "event":"create_spawned_npc", "connection_id":1, "npc_name":"Elk", "cell_name":"Skyrim" }
{"date":"2019-06-01 19:48:34,238", "level":"DEBUG", "event":"add_container", "server_id":30, "is_actor":1 }
{"date":"2019-06-01 19:48:34,238", "level":"INFO", "event":"create_common_npc", "name":"Horse", "ref_id":845423, "form_id":1089086, "server_id":31, "host_connection_id":1, "health":289 }
{"date":"2019-06-01 19:48:34,238", "level":"DEBUG", "event":"add_container", "server_id":31, "is_actor":1 }
{"date":"2019-06-01 19:48:34,238", "level":"INFO", "event":"create_spawned_npc", "connection_id":1, "npc_name":"Wolf", "cell_name":"Skyrim" }
{"date":"2019-06-01 19:48:34,238", "level":"DEBUG", "event":"add_container", "server_id":32, "is_actor":1 }
{"date":"2019-06-01 19:48:34,238", "level":"INFO", "event":"create_spawned_npc", "connection_id":1, "npc_name":"Cave Bear", "cell_name":"Skyrim" }
{"date":"2019-06-01 19:48:34,238", "level":"DEBUG", "event":"add_container", "server_id":33, "is_actor":1 }
{"date":"2019-06-01 19:48:34,238", "level":"INFO", "event":"create_spawned_npc", "connection_id":1, "npc_name":"Novice Conjurer", "cell_name":"Skyrim" }
{"date":"2019-06-01 19:48:34,238", "level":"DEBUG", "event":"add_container", "server_id":34, "is_actor":1 }
{"date":"2019-06-01 19:48:34,238", "level":"INFO", "event":"create_common_npc", "name":"Thalmor Soldier", "ref_id":620540, "form_id":620714, "server_id":35, "host_connection_id":1, "health":127 }
{"date":"2019-06-01 19:48:34,238", "level":"DEBUG", "event":"add_container", "server_id":35, "is_actor":1 }
{"date":"2019-06-01 19:48:34,238", "level":"INFO", "event":"create_common_npc", "name":"Worshipper", "ref_id":620537, "form_id":375095, "server_id":36, "host_connection_id":1, "health":50 }
{"date":"2019-06-01 19:48:34,243", "level":"DEBUG", "event":"add_container", "server_id":36, "is_actor":1 }
{"date":"2019-06-01 19:48:34,243", "level":"INFO", "event":"create_spawned_npc", "connection_id":1, "npc_name":"Wolf", "cell_name":"Skyrim" }
{"date":"2019-06-01 19:48:34,243", "level":"DEBUG", "event":"add_container", "server_id":37, "is_actor":1 }
{"date":"2019-06-01 19:48:34,243", "level":"INFO", "event":"create_common_npc", "name":"Worshipper", "ref_id":620538, "form_id":375047, "server_id":38, "host_connection_id":1, "health":50 }
{"date":"2019-06-01 19:48:34,243", "level":"DEBUG", "event":"add_container", "server_id":38, "is_actor":1 }
